[2022-01-15 20:49:41.838] [info]  Environment file path:
[2022-01-15 20:49:41.845] [info]  C:\Users\Admin\AppData\Roaming\Electron\Accubridge\env.json
[2022-01-15 20:49:41.847] [info]  User - root
[2022-01-15 20:49:41.848] [info]  Password - admin
[2022-01-15 20:49:41.850] [info]  Database - weighbridge
[2022-01-15 20:49:41.853] [info]  Server - MSSQLSERVER01
[2022-01-15 20:49:41.854] [info]  Port - 1433
[2022-01-18 04:38:26.656] [info]  Environment file path:
[2022-01-18 04:38:26.670] [info]  C:\Users\Admin\AppData\Roaming\Electron\Accubridge\env.json
[2022-01-18 04:38:26.683] [info]  User - root
[2022-01-18 04:38:26.688] [info]  Password - admin
[2022-01-18 04:38:26.713] [info]  Database - weighbridge
[2022-01-18 04:38:26.719] [info]  Server - DESKTOP-13G3LGM\MSSQLSERVER01
[2022-01-18 04:38:26.723] [info]  Port - 1433
[2022-01-18 05:33:25.406] [info]  Environment file path:
[2022-01-18 05:33:25.417] [info]  C:\Users\Admin\AppData\Roaming\Electron\Accubridge\env.json
[2022-01-18 05:33:25.428] [info]  User - root
[2022-01-18 05:33:25.439] [info]  Password - admin
[2022-01-18 05:33:25.452] [info]  Database - weighbridge
[2022-01-18 05:33:25.460] [info]  Server - DESKTOP-13G3LGM\MSSQLSERVER01
[2022-01-18 05:33:25.467] [info]  Port - 1433
[2022-01-18 06:20:12.705] [info]  Environment file path:
[2022-01-18 06:20:12.713] [info]  C:\Users\Admin\AppData\Roaming\Electron\Accubridge\env.json
[2022-01-18 06:20:12.718] [info]  User - root
[2022-01-18 06:20:12.723] [info]  Password - admin
[2022-01-18 06:20:12.727] [info]  Database - weighbridge
[2022-01-18 06:20:12.732] [info]  Server - DESKTOP-13G3LGM\MSSQLSERVER01
[2022-01-18 06:20:12.737] [info]  Port - 1433
[2022-01-18 16:14:41.760] [info]  Environment file path:
[2022-01-18 16:14:41.796] [info]  C:\Users\Admin\AppData\Roaming\Electron\Accubridge\env.json
[2022-01-18 16:14:41.799] [info]  User - root
[2022-01-18 16:14:41.804] [info]  Password - admin
[2022-01-18 16:14:41.811] [info]  Database - weighbridge
[2022-01-18 16:14:41.814] [info]  Server - DESKTOP-13G3LGM\MSSQLSERVER01
[2022-01-18 16:14:41.820] [info]  Port - 1433
[2022-01-31 11:38:01.845] [info]  Environment file path:
[2022-01-31 11:38:01.884] [info]  C:\Users\Admin\AppData\Roaming\Electron\Accubridge\env.json
[2022-01-31 11:38:01.890] [info]  User - root
[2022-01-31 11:38:01.895] [info]  Password - admin
[2022-01-31 11:38:01.899] [info]  Database - weighbridge
[2022-01-31 11:38:01.908] [info]  Server - DESKTOP-13G3LGM\MSSQLSERVER01
[2022-01-31 11:38:01.911] [info]  Port - 1433
[2022-01-31 12:34:43.571] [info]  Environment file path:
[2022-01-31 12:34:43.579] [info]  C:\Users\Admin\AppData\Roaming\Electron\Accubridge\env.json
[2022-01-31 12:34:43.581] [info]  User - root
[2022-01-31 12:34:43.583] [info]  Password - admin
[2022-01-31 12:34:43.584] [info]  Database - weighbridge
[2022-01-31 12:34:43.585] [info]  Server - DESKTOP-13G3LGM\MSSQLSERVER01
[2022-01-31 12:34:43.586] [info]  Port - 1433
[2022-01-31 12:35:19.322] [info]  Environment file path:
[2022-01-31 12:35:19.329] [info]  C:\Users\Admin\AppData\Roaming\Electron\Accubridge\env.json
[2022-01-31 12:35:19.330] [info]  User - root
[2022-01-31 12:35:19.332] [info]  Password - admin
[2022-01-31 12:35:19.333] [info]  Database - weighbridge
[2022-01-31 12:35:19.334] [info]  Server - DESKTOP-13G3LGM\MSSQLSERVER01
[2022-01-31 12:35:19.335] [info]  Port - 1433
[2022-01-31 14:07:24.861] [info]  Environment file path:
[2022-01-31 14:07:24.870] [info]  C:\Users\Admin\AppData\Roaming\Electron\Accubridge\env.json
[2022-01-31 14:07:24.877] [info]  User - root
[2022-01-31 14:07:24.883] [info]  Password - admin
[2022-01-31 14:07:24.887] [info]  Database - weighbridge
[2022-01-31 14:07:24.892] [info]  Server - DESKTOP-13G3LGM\MSSQLSERVER01
[2022-01-31 14:07:24.898] [info]  Port - 1433
[2022-01-31 14:15:29.049] [info]  Environment file path:
[2022-01-31 14:15:29.056] [info]  C:\Users\Admin\AppData\Roaming\Electron\Accubridge\env.json
[2022-01-31 14:15:29.060] [info]  User - root
[2022-01-31 14:15:29.061] [info]  Password - admin
[2022-01-31 14:15:29.062] [info]  Database - weighbridge
[2022-01-31 14:15:29.065] [info]  Server - DESKTOP-13G3LGM\MSSQLSERVER01
[2022-01-31 14:15:29.067] [info]  Port - 1433
[2022-01-31 14:17:23.353] [info]  Environment file path:
[2022-01-31 14:17:23.360] [info]  C:\Users\Admin\AppData\Roaming\Electron\Accubridge\env.json
[2022-01-31 14:17:23.364] [info]  User - root
[2022-01-31 14:17:23.366] [info]  Password - admin
[2022-01-31 14:17:23.370] [info]  Database - weighbridge
[2022-01-31 14:17:23.372] [info]  Server - DESKTOP-13G3LGM\MSSQLSERVER01
[2022-01-31 14:17:23.373] [info]  Port - 1433
[2022-01-31 14:49:12.604] [info]  Environment file path:
[2022-01-31 14:49:12.611] [info]  C:\Users\Admin\AppData\Roaming\Electron\Accubridge\env.json
[2022-01-31 14:49:12.616] [info]  User - root
[2022-01-31 14:49:12.620] [info]  Password - admin
[2022-01-31 14:49:12.622] [info]  Database - weighbridge
[2022-01-31 14:49:12.626] [info]  Server - DESKTOP-13G3LGM\MSSQLSERVER01
[2022-01-31 14:49:12.630] [info]  Port - 1433
[2022-01-31 15:10:07.118] [info]  Environment file path:
[2022-01-31 15:10:07.125] [info]  C:\Users\Admin\AppData\Roaming\Electron\Accubridge\env.json
[2022-01-31 15:10:07.127] [info]  User - root
[2022-01-31 15:10:07.132] [info]  Password - admin
[2022-01-31 15:10:07.144] [info]  Database - weighbridge
[2022-01-31 15:10:07.155] [info]  Server - DESKTOP-13G3LGM\MSSQLSERVER01
[2022-01-31 15:10:07.160] [info]  Port - 1433
[2022-01-31 15:15:00.357] [info]  Environment file path:
[2022-01-31 15:15:00.368] [info]  C:\Users\Admin\AppData\Roaming\Electron\Accubridge\env.json
[2022-01-31 15:15:00.374] [info]  User - root
[2022-01-31 15:15:00.396] [info]  Password - admin
[2022-01-31 15:15:00.409] [info]  Database - weighbridge
[2022-01-31 15:15:00.415] [info]  Server - DESKTOP-13G3LGM\MSSQLSERVER01
[2022-01-31 15:15:00.420] [info]  Port - 1433
[2022-01-31 15:16:59.362] [info]  Environment file path:
[2022-01-31 15:16:59.373] [info]  C:\Users\Admin\AppData\Roaming\Electron\Accubridge\env.json
[2022-01-31 15:16:59.376] [info]  User - root
[2022-01-31 15:16:59.378] [info]  Password - admin
[2022-01-31 15:16:59.382] [info]  Database - weighbridge
[2022-01-31 15:16:59.384] [info]  Server - DESKTOP-13G3LGM\MSSQLSERVER01
[2022-01-31 15:16:59.388] [info]  Port - 1433
