[2022-01-15 20:47:43.764] [info]  Reading licence from - C:\Users\Admin\AppData\Roaming\Electron\Accubridge\notamedia
[2022-01-15 20:48:01.310] [info]  Single entry saved to environment file.
[2022-01-15 20:48:01.312] [info]  Initialize SQL Configuration
[2022-01-15 20:48:01.320] [info]  User - root
[2022-01-15 20:48:01.324] [info]  Password - admin
[2022-01-15 20:48:01.326] [info]  Database - weighbridge
[2022-01-15 20:48:01.329] [info]  Server - MSSQLSERVER01
[2022-01-15 20:48:01.333] [info]  Port - 1433
[2022-01-15 20:49:44.173] [error] ConnectionError: Failed to connect to MSSQLSERVER01:1433 - getaddrinfo ENOTFOUND MSSQLSERVER01
    at D:\electron\weighbridge\app\node_modules\mssql\lib\tedious\connection-pool.js:71:17
    at Connection.onConnect (D:\electron\weighbridge\app\node_modules\tedious\lib\connection.js:1027:9)
    at Object.onceWrapper (events.js:422:26)
    at Connection.emit (events.js:315:20)
    at Connection.emit (D:\electron\weighbridge\app\node_modules\tedious\lib\connection.js:1055:18)
    at Connection.socketError (D:\electron\weighbridge\app\node_modules\tedious\lib\connection.js:1653:12)
    at D:\electron\weighbridge\app\node_modules\tedious\lib\connection.js:1412:21
    at GetAddrInfoReqWrap.callback (D:\electron\weighbridge\app\node_modules\tedious\lib\connector.js:195:16)
    at GetAddrInfoReqWrap.onlookupall [as oncomplete] (dns.js:75:17)
[2022-01-15 20:51:09.032] [info]  Reading licence from - C:\Users\Admin\AppData\Roaming\Electron\Accubridge\notamedia
[2022-01-15 20:51:17.516] [info]  Single entry saved to environment file.
[2022-01-15 20:51:17.519] [info]  Initialize SQL Configuration
[2022-01-15 20:51:17.525] [info]  User - root
[2022-01-15 20:51:17.531] [info]  Password - admin
[2022-01-15 20:51:17.546] [info]  Database - weighbridge
[2022-01-15 20:51:17.551] [info]  Server - DESKTOP-13G3LGM\MSSQLSERVER01
[2022-01-15 20:51:17.556] [info]  Port - 1433
[2022-01-15 20:51:22.777] [info]  Single entry saved to environment file.
[2022-01-15 20:51:22.783] [info]  Initialize SQL Configuration
[2022-01-15 20:51:22.793] [info]  User - root
[2022-01-15 20:51:22.800] [info]  Password - admin
[2022-01-15 20:51:22.801] [info]  Database - weighbridge
[2022-01-15 20:51:22.805] [info]  Server - DESKTOP-13G3LGM\MSSQLSERVER01
[2022-01-15 20:51:22.808] [info]  Port - 1433
[2022-01-15 20:55:15.282] [info]  Single entry saved to environment file.
[2022-01-15 20:55:15.285] [info]  Initialize SQL Configuration
[2022-01-15 20:55:15.295] [info]  User - root
[2022-01-15 20:55:15.298] [info]  Password - admin
[2022-01-15 20:55:15.302] [info]  Database - weighbridge
[2022-01-15 20:55:15.308] [info]  Server - DESKTOP-13G3LGM\MSSQLSERVER01
[2022-01-15 20:55:15.312] [info]  Port - 1433
